<?xml version="1.0" encoding="UTF-8"?>
<!-- Generated by org.testng.reporters.JUnitReportReporter -->
<testsuite hostname="DESKTOP-JTEEQ9K" failures="0" tests="3" name="test.HomePageLoad_Test" time="83.938" errors="0" timestamp="2024-05-30T22:23:17 IST" skipped="0">
  <testcase classname="test.HomePageLoad_Test" name="enterURL" time="14.000"/>
  <testcase classname="test.HomePageLoad_Test" name="verifyPageTitle" time="55.857"/>
  <testcase classname="test.HomePageLoad_Test" name="areAllMenusAndLinksDisplayedProperly" time="14.081"/>
</testsuite> <!-- test.HomePageLoad_Test -->
