<?xml version="1.0" encoding="UTF-8"?>
<!-- Generated by org.testng.reporters.JUnitReportReporter -->
<testsuite hostname="DESKTOP-JTEEQ9K" failures="0" tests="3" name="test.SignOut_Test" time="81.712" errors="0" timestamp="2024-05-30T23:41:35 IST" skipped="0">
  <testcase classname="test.SignOut_Test" name="Verify_HomePage_Title" time="12.184"/>
  <testcase classname="test.SignOut_Test" name="areAllMenusAndLinksDisplayedProperly" time="13.043"/>
  <testcase classname="test.SignOut_Test" name="verify_SignOut_Functionality" time="56.485"/>
</testsuite> <!-- test.SignOut_Test -->
