<?xml version="1.0" encoding="UTF-8"?>
<!-- Generated by org.testng.reporters.JUnitReportReporter -->
<testsuite hostname="DESKTOP-JTEEQ9K" failures="0" tests="3" name="test.GearMenu_Test" time="87.459" errors="0" timestamp="2024-05-30T20:21:57 IST" skipped="0">
  <testcase classname="test.GearMenu_Test" name="Verify_GearMenu_Without_Login" time="17.809"/>
  <testcase classname="test.GearMenu_Test" name="Verify_GearMenu_After_Login" time="27.917"/>
  <testcase classname="test.GearMenu_Test" name="Verify_ClickOn_GearMenu" time="41.733"/>
</testsuite> <!-- test.GearMenu_Test -->
