<?xml version="1.0" encoding="UTF-8"?>
<!-- Generated by org.testng.reporters.JUnitReportReporter -->
<testsuite hostname="DESKTOP-JTEEQ9K" failures="0" tests="3" name="test.AddToWishList_Test" time="139.096" errors="0" timestamp="2024-05-30T19:54:43 IST" skipped="0">
  <testcase classname="test.AddToWishList_Test" name="Verify_AddToWishList_After_Login" time="56.631"/>
  <testcase classname="test.AddToWishList_Test" name="Verify_Items_Inside_WishList" time="34.738"/>
  <testcase classname="test.AddToWishList_Test" name="Verify_AddToWishList_Without_Login" time="47.727"/>
</testsuite> <!-- test.AddToWishList_Test -->
