<?xml version="1.0" encoding="UTF-8"?>
<!-- Generated by org.testng.reporters.JUnitReportReporter -->
<testsuite hostname="DESKTOP-JTEEQ9K" failures="0" tests="2" name="test.WomenMenu_Test" time="53.023" errors="0" timestamp="2024-05-31T00:18:51 IST" skipped="0">
  <testcase classname="test.WomenMenu_Test" name="Verify_WomenMenu" time="24.822"/>
  <testcase classname="test.WomenMenu_Test" name="Verify_WomenMenu_Page" time="28.201"/>
</testsuite> <!-- test.WomenMenu_Test -->
