<?xml version="1.0" encoding="UTF-8"?>
<!-- Generated by org.testng.reporters.JUnitReportReporter -->
<testsuite hostname="DESKTOP-JTEEQ9K" failures="0" tests="3" name="test.MyCart_Test$MyWishList_Test" time="108.878" errors="0" timestamp="2024-05-28T15:42:00 IST" skipped="0">
  <testcase classname="test.MyCart_Test$MyWishList_Test" name="Verify_MyCart_Link_Without_Login" time="19.651"/>
  <testcase classname="test.MyCart_Test$MyWishList_Test" name="Verify_MyCart_Link_After_Login" time="32.718"/>
  <testcase classname="test.MyCart_Test$MyWishList_Test" name="Verify_Items_Inside_Shopping_Cart" time="56.509"/>
</testsuite> <!-- test.MyCart_Test$MyWishList_Test -->
