<?xml version="1.0" encoding="UTF-8"?>
<!-- Generated by org.testng.reporters.JUnitReportReporter -->
<testsuite hostname="DESKTOP-JTEEQ9K" failures="0" tests="1" name="test.SupportThisProject_Test" time="26.157" errors="0" timestamp="2024-05-23T16:17:57 IST" skipped="0">
  <testcase classname="test.SupportThisProject_Test" name="Verify_CreateAccount_Page_Title" time="26.157"/>
</testsuite> <!-- test.SupportThisProject_Test -->
