<?xml version="1.0" encoding="UTF-8"?>
<!-- Generated by org.testng.reporters.JUnitReportReporter -->
<testsuite hostname="DESKTOP-JTEEQ9K" failures="0" tests="4" name="test.MyAccount_Test" time="303.634" errors="0" timestamp="2024-05-30T22:44:18 IST" skipped="0">
  <testcase classname="test.MyAccount_Test" name="Verify_MyAccount_Option" time="32.808"/>
  <testcase classname="test.MyAccount_Test" name="Verify_MyAccount_ContactInfo_Displayed" time="30.463"/>
  <testcase classname="test.MyAccount_Test" name="Verify_MyAccount_SideBar_Displayed" time="104.992"/>
  <testcase classname="test.MyAccount_Test" name="Verify_MyAccount_SideBar_Clickable" time="135.371"/>
</testsuite> <!-- test.MyAccount_Test -->
