<?xml version="1.0" encoding="UTF-8"?>
<!-- Generated by org.testng.reporters.JUnitReportReporter -->
<testsuite hostname="DESKTOP-JTEEQ9K" failures="0" tests="1" name="test.ProceedToCheckout_Test" time="320.475" errors="0" timestamp="2024-05-30T23:24:31 IST" skipped="0">
  <testcase classname="test.ProceedToCheckout_Test" name="Verify_ProceedToCheckout_Complete_Process" time="320.475"/>
</testsuite> <!-- test.ProceedToCheckout_Test -->
