<?xml version="1.0" encoding="UTF-8"?>
<!-- Generated by org.testng.reporters.JUnitReportReporter -->
<testsuite hostname="DESKTOP-JTEEQ9K" failures="0" tests="7" name="test.SearchBar_Test" time="174.078" errors="0" timestamp="2024-05-30T23:31:57 IST" skipped="0">
  <testcase classname="test.SearchBar_Test" name="Verify_HomePage_Title" time="11.711"/>
  <testcase classname="test.SearchBar_Test" name="areAllMenusAndLinksDisplayedProperly" time="11.244"/>
  <testcase classname="test.SearchBar_Test" name="verify_SearchBar_Displayed" time="11.516"/>
  <testcase classname="test.SearchBar_Test" name="verify_EnterSearchElements" time="22.845"/>
  <testcase classname="test.SearchBar_Test" name="verify_MinimumSearch_query_length" time="21.072"/>
  <testcase classname="test.SearchBar_Test" name="verify_SearchElement_AfterLogIn" time="59.857"/>
  <testcase classname="test.SearchBar_Test" name="verify_SearchButton_Functionality" time="35.833"/>
</testsuite> <!-- test.SearchBar_Test -->
