<?xml version="1.0" encoding="UTF-8"?>
<!-- Generated by org.testng.reporters.JUnitReportReporter -->
<testsuite hostname="DESKTOP-JTEEQ9K" failures="0" tests="9" name="test.CreateAccount_Test" time="200.933" errors="0" timestamp="2024-05-30T20:14:55 IST" skipped="0">
  <testcase classname="test.CreateAccount_Test" name="Verify_CreateAccount_Page_Title" time="22.940"/>
  <testcase classname="test.CreateAccount_Test" name="areAllMenusAndLinksDisplayedProperly" time="18.739"/>
  <testcase classname="test.CreateAccount_Test" name="Verify_createAccount_With_BlankDetails" time="23.483"/>
  <testcase classname="test.CreateAccount_Test" name="CreateAccount_with_Valid_Details" time="27.280"/>
  <testcase classname="test.CreateAccount_Test" name="CreateAccount_with_Numbers" time="27.030"/>
  <testcase classname="test.CreateAccount_Test" name="CreateAccount_with_InvalidEmailAddress" time="20.538"/>
  <testcase classname="test.CreateAccount_Test" name="CreateAccount_with_WeakPassword" time="19.449"/>
  <testcase classname="test.CreateAccount_Test" name="CreateAccount_with_MismatchPassword" time="18.490"/>
  <testcase classname="test.CreateAccount_Test" name="CreateAccount_with_Existing_Details" time="22.984"/>
</testsuite> <!-- test.CreateAccount_Test -->
