<?xml version="1.0" encoding="UTF-8"?>
<!-- Generated by org.testng.reporters.JUnitReportReporter -->
<testsuite hostname="DESKTOP-JTEEQ9K" failures="0" tests="2" name="test.SaleMenu_Test" time="63.367" errors="0" timestamp="2024-05-30T23:27:18 IST" skipped="0">
  <testcase classname="test.SaleMenu_Test" name="Verify_SaleMenu_Without_Login" time="17.647"/>
  <testcase classname="test.SaleMenu_Test" name="Verify_SaleMenu_After_Login" time="45.720"/>
</testsuite> <!-- test.SaleMenu_Test -->
