<?xml version="1.0" encoding="UTF-8"?>
<!-- Generated by org.testng.reporters.JUnitReportReporter -->
<testsuite hostname="DESKTOP-JTEEQ9K" failures="0" tests="3" name="test.MyCart_Test" time="237.075" errors="0" timestamp="2024-05-30T23:07:55 IST" skipped="0">
  <testcase classname="test.MyCart_Test" name="Verify_MyCart_Link_Without_Login" time="107.346"/>
  <testcase classname="test.MyCart_Test" name="Verify_MyCart_Link_After_Login" time="56.959"/>
  <testcase classname="test.MyCart_Test" name="Verify_Items_Inside_Shopping_Cart" time="72.770"/>
</testsuite> <!-- test.MyCart_Test -->
