<?xml version="1.0" encoding="UTF-8"?>
<!-- Generated by org.testng.reporters.JUnitReportReporter -->
<testsuite hostname="DESKTOP-JTEEQ9K" failures="0" tests="11" name="test.SignIn_Test" time="206.616" errors="0" timestamp="2024-05-30T23:38:10 IST" skipped="0">
  <testcase classname="test.SignIn_Test" name="Verify_SignIn_Page_Title" time="14.690"/>
  <testcase classname="test.SignIn_Test" name="areAllMenusAndLinksDisplayedProperly" time="15.884"/>
  <testcase classname="test.SignIn_Test" name="Verify_SignIn_With_BlankDetails" time="19.970"/>
  <testcase classname="test.SignIn_Test" name="Verify_SignIn_With_BlankEmail" time="18.459"/>
  <testcase classname="test.SignIn_Test" name="Verify_SignIn_With_BlankPassword" time="19.299"/>
  <testcase classname="test.SignIn_Test" name="Verify_SignIn_With_Valid_EmailPassword" time="22.193"/>
  <testcase classname="test.SignIn_Test" name="Verify_SignIn_With_InValid_EmailPassword" time="20.612"/>
  <testcase classname="test.SignIn_Test" name="Verify_SignIn_With_InValidEmail_ValidPassword" time="22.263"/>
  <testcase classname="test.SignIn_Test" name="Verify_SignIn_With_ValidEmail_InValidPassword" time="19.825"/>
  <testcase classname="test.SignIn_Test" name="Verify_ForgotPasswordLink" time="16.835"/>
  <testcase classname="test.SignIn_Test" name="Verify_CreateAccountBtn" time="16.586"/>
</testsuite> <!-- test.SignIn_Test -->
