<?xml version="1.0" encoding="UTF-8"?>
<!-- Generated by org.testng.reporters.JUnitReportReporter -->
<testsuite hostname="DESKTOP-JTEEQ9K" failures="0" tests="2" name="test.MyWishList_Test" time="235.839" errors="0" timestamp="2024-05-30T23:13:32 IST" skipped="0">
  <testcase classname="test.MyWishList_Test" name="Verify_My_Wish_List_Option" time="92.435"/>
  <testcase classname="test.MyWishList_Test" name="Accessing_My_WishList_Page" time="143.404"/>
</testsuite> <!-- test.MyWishList_Test -->
