<?xml version="1.0" encoding="UTF-8"?>
<!-- Generated by org.testng.reporters.JUnitReportReporter -->
<testsuite hostname="DESKTOP-JTEEQ9K" failures="0" tests="3" name="test.MenMenu_Test" time="128.280" errors="0" timestamp="2024-05-30T22:27:31 IST" skipped="0">
  <testcase classname="test.MenMenu_Test" name="Verify_MenMenu" time="33.210"/>
  <testcase classname="test.MenMenu_Test" name="Verify_MenMenu_Page" time="36.516"/>
  <testcase classname="test.MenMenu_Test" name="Verify_MenMenu_After_Login" time="58.554"/>
</testsuite> <!-- test.MenMenu_Test -->
