<?xml version="1.0" encoding="UTF-8"?>
<!-- Generated by org.testng.reporters.JUnitReportReporter -->
<testsuite hostname="DESKTOP-JTEEQ9K" failures="0" tests="5" name="test.ForgotPassword_Test" time="117.984" errors="0" timestamp="2024-05-30T20:18:34 IST" skipped="0">
  <testcase classname="test.ForgotPassword_Test" name="Verify_ForgotPasswordLink_Present" time="17.275"/>
  <testcase classname="test.ForgotPassword_Test" name="Verify_ForgotPassword_Page_Title" time="23.474"/>
  <testcase classname="test.ForgotPassword_Test" name="Verify_ForgotPasswordLink_Functonality" time="28.193"/>
  <testcase classname="test.ForgotPassword_Test" name="Verify_ForgotPasswordLink_Functonality_WithEmpltyEmail" time="23.397"/>
  <testcase classname="test.ForgotPassword_Test" name="Verify_ForgotPasswordLink_Functonality_WithInvalidEmail" time="25.645"/>
</testsuite> <!-- test.ForgotPassword_Test -->
