<?xml version="1.0" encoding="UTF-8"?>
<!-- Generated by org.testng.reporters.JUnitReportReporter -->
<testsuite hostname="DESKTOP-JTEEQ9K" failures="0" tests="2" name="test.SortBy_Test" time="148.607" errors="0" timestamp="2024-05-30T23:45:36 IST" skipped="0">
  <testcase classname="test.SortBy_Test" name="Verify_SortBy_Product_Name" time="81.098"/>
  <testcase classname="test.SortBy_Test" name="Verify_SortBy_Product_Price" time="67.509"/>
</testsuite> <!-- test.SortBy_Test -->
