<?xml version="1.0" encoding="UTF-8"?>
<!-- Generated by org.testng.reporters.JUnitReportReporter -->
<testsuite hostname="DESKTOP-JTEEQ9K" failures="0" tests="3" name="test.WhatsNewMenu_Test" time="99.193" errors="0" timestamp="2024-05-31T00:22:05 IST" skipped="0">
  <testcase classname="test.WhatsNewMenu_Test" name="Verify_SignIn_Page_Title" time="20.168"/>
  <testcase classname="test.WhatsNewMenu_Test" name="Verify_whatsNewMenu_PageTitle" time="31.589"/>
  <testcase classname="test.WhatsNewMenu_Test" name="Verify_WhatsNew_Products_Category" time="47.436"/>
</testsuite> <!-- test.WhatsNewMenu_Test -->
