<?xml version="1.0" encoding="UTF-8"?>
<!-- Generated by org.testng.reporters.JUnitReportReporter -->
<testsuite hostname="DESKTOP-JTEEQ9K" failures="0" tests="3" name="test.ApplyFilter_Test" time="234.224" errors="0" timestamp="2024-05-30T19:52:01 IST" skipped="0">
  <testcase classname="test.ApplyFilter_Test" name="Verify_Apply_Filter_Size_Color" time="47.948"/>
  <testcase classname="test.ApplyFilter_Test" name="Verify_Apply_Filter" time="108.594"/>
  <testcase classname="test.ApplyFilter_Test" name="Verify_Apply_Filter_Without_Login" time="77.682"/>
</testsuite> <!-- test.ApplyFilter_Test -->
