<?xml version="1.0" encoding="UTF-8"?>
<!-- Generated by org.testng.reporters.JUnitReportReporter -->
<testsuite hostname="DESKTOP-JTEEQ9K" failures="0" tests="3" name="test.AddToCart_Test" time="182.578" errors="0" timestamp="2024-05-30T19:58:14 IST" skipped="0">
  <testcase classname="test.AddToCart_Test" name="Verify_AddToCart_After_Login" time="71.515"/>
  <testcase classname="test.AddToCart_Test" name="AddItemToCart_Without_Size_and_Colour" time="48.142"/>
  <testcase classname="test.AddToCart_Test" name="Verify_AddToCart_Without_Login" time="62.921"/>
</testsuite> <!-- test.AddToCart_Test -->
