<?xml version="1.0" encoding="UTF-8"?>
<!-- Generated by org.testng.reporters.JUnitReportReporter -->
<testsuite hostname="DESKTOP-JTEEQ9K" failures="0" tests="2" name="test.AddItemsFrom_WishlistToCart_Test" time="112.045" errors="0" timestamp="2024-05-30T19:29:25 IST" skipped="0">
  <testcase classname="test.AddItemsFrom_WishlistToCart_Test" name="Verify_AddAllTo_Cart_Button" time="40.244"/>
  <testcase classname="test.AddItemsFrom_WishlistToCart_Test" name="Verify_AddItemsFrom_WishlistToCart" time="71.801"/>
</testsuite> <!-- test.AddItemsFrom_WishlistToCart_Test -->
