<?xml version="1.0" encoding="UTF-8"?>
<!-- Generated by org.testng.reporters.JUnitReportReporter -->
<testsuite hostname="DESKTOP-JTEEQ9K" failures="0" tests="3" name="test.TrainingMenu_Test" time="74.970" errors="0" timestamp="2024-05-30T23:49:09 IST" skipped="0">
  <testcase classname="test.TrainingMenu_Test" name="Verify_TrainingMenu_Without_Login" time="15.165"/>
  <testcase classname="test.TrainingMenu_Test" name="Verify_TrainingMenu_After_Login" time="30.993"/>
  <testcase classname="test.TrainingMenu_Test" name="Verify_ClickOn_TrainingMenu" time="28.812"/>
</testsuite> <!-- test.TrainingMenu_Test -->
